SF:lib/src/utils.dart
DA:5,2
DA:17,1
DA:20,2
DA:24,2
DA:25,2
DA:27,2
DA:28,2
DA:29,2
DA:30,4
DA:33,2
LF:10
LH:10
end_of_record
SF:lib/src/suggestion_item.dart
DA:11,2
DA:17,2
DA:19,2
DA:21,2
DA:22,4
DA:23,2
DA:24,2
DA:26,2
DA:27,2
DA:28,2
DA:33,4
DA:34,2
DA:35,4
DA:38,4
DA:39,2
DA:41,14
DA:42,2
DA:45,2
DA:46,2
DA:47,4
DA:48,4
DA:49,4
DA:50,4
DA:51,4
LF:24
LH:24
end_of_record
SF:lib/src/field_suggestion.dart
DA:142,1
DA:179,1
DA:181,1
DA:182,1
DA:209,1
DA:211,3
DA:212,2
DA:213,2
DA:215,1
DA:218,1
DA:220,1
DA:222,4
DA:225,2
DA:227,2
DA:229,2
DA:233,2
DA:234,2
DA:237,2
DA:241,2
DA:243,2
DA:244,2
DA:246,2
DA:247,1
DA:248,1
DA:249,1
DA:253,1
DA:254,1
DA:255,1
DA:259,1
DA:260,1
DA:261,1
DA:265,1
DA:266,1
DA:267,1
DA:274,2
DA:275,1
DA:276,1
DA:277,2
DA:284,1
DA:285,5
DA:287,2
DA:289,3
DA:290,4
DA:294,4
DA:295,2
DA:296,4
DA:297,2
DA:301,3
DA:302,3
DA:303,6
DA:304,2
DA:305,1
DA:307,0
DA:310,1
DA:313,1
DA:315,3
DA:317,4
DA:321,1
DA:322,1
DA:324,1
DA:328,1
DA:329,1
DA:334,1
DA:335,1
DA:336,0
DA:337,0
DA:338,0
DA:341,2
DA:342,2
DA:343,2
DA:348,1
DA:349,1
DA:350,2
DA:351,2
DA:352,2
DA:353,2
DA:354,3
DA:360,0
DA:361,0
DA:362,0
DA:364,0
DA:365,0
DA:366,0
DA:367,0
DA:368,0
DA:370,0
DA:375,0
DA:376,0
DA:377,0
DA:379,0
DA:380,0
DA:382,0
DA:383,0
DA:384,0
DA:386,0
DA:388,0
DA:389,0
DA:390,0
DA:394,1
DA:395,1
DA:398,1
DA:399,1
DA:400,1
DA:401,1
DA:403,2
DA:404,2
DA:405,1
DA:406,1
DA:407,1
DA:409,5
DA:410,1
DA:416,2
DA:417,3
DA:418,2
DA:421,2
DA:424,2
DA:427,3
DA:433,1
DA:436,1
DA:437,1
DA:439,1
DA:442,1
DA:443,4
DA:444,1
DA:445,1
DA:446,1
DA:447,1
DA:448,1
DA:449,3
DA:450,1
DA:451,1
DA:452,2
DA:453,2
DA:456,1
DA:457,2
DA:460,2
DA:461,1
DA:462,5
DA:463,2
DA:464,0
DA:469,1
DA:471,2
DA:477,1
DA:479,2
DA:480,1
DA:481,1
DA:489,2
DA:493,2
DA:494,1
DA:497,1
DA:498,1
DA:500,1
DA:501,3
DA:502,2
DA:503,0
DA:504,0
DA:512,2
DA:513,1
DA:514,1
DA:515,2
DA:516,1
DA:517,2
DA:518,2
DA:519,2
DA:520,2
DA:521,0
DA:522,5
DA:527,2
DA:528,3
DA:529,3
DA:530,3
DA:531,3
LF:172
LH:143
end_of_record
SF:lib/src/styles.dart
DA:13,3
DA:50,4
DA:122,4
LF:3
LH:3
end_of_record
